INFO:ipypublish:started ipypublish v0.10.10 at Tue May  5 14:16:54 2020
INFO:ipypublish:logging to: C:\Users\brian\OneDrive\Desktop\work\projects\face-digit-classification\converted\report_code.nbpub.log
INFO:ipypublish:running for ipynb(s) at: report_code.ipynb
INFO:ipypublish:with conversion configuration: latex_ipypublish_main
INFO:nbmerge:Reading notebook
INFO:ipypublish:finding conversion configuration: latex_ipypublish_main
INFO:ipypublish:loading conversion configuration
INFO:ipypublish:creating exporter
INFO:ipypublish:creating template and loading filters
INFO:ipypublish:creating process configuration
INFO:ipypublish:running nbconvert
INFO:root:splitting outputs into separate cells
INFO:resolve_links:resolving external file paths in ipub metadata to: report_code.ipynb
INFO:captions:extracting caption cells
INFO:write-text-file:writing stream to file: C:\Users\brian\OneDrive\Desktop\work\projects\face-digit-classification\converted\report_code.tex
INFO:write-resource-files:writing files in resources[outputs] to: C:\Users\brian\OneDrive\Desktop\work\projects\face-digit-classification\converted
INFO:copy-resource-paths:copying files in resources[external_file_paths] to: C:\Users\brian\OneDrive\Desktop\work\projects\face-digit-classification\converted\report_code_files
INFO:pdf-export:running pdf conversion
INFO:pdf-export:running: latexmk -xelatex -bibtex -pdf C:\Users\brian\OneDrive\Desktop\work\projects\face-digit-classification\converted\report_code.tex
INFO:pdf-export:latexmk: Latexmk: This is Latexmk, John Collins, 26 Dec. 2019, version: 4.67.
INFO:pdf-export:latexmk: Latexmk: All targets () are up-to-date
INFO:pdf-export:pdf conversion complete
INFO:ipypublish:process finished successfully
